21:27:23.738 [main] INFO  pageObjects.LoanCalculatorPage - Fees Input setted successfully
21:27:29.306 [main] INFO  pageObjects.BasePage - validation Checked Successfully
21:27:33.859 [main] INFO  pageObjects.LoanCalculatorPage - Year table expand
21:27:33.869 [main] INFO  pageObjects.LoanCalculatorPage - Monthly Data extraction From Table failed due to java.lang.NullPointerException: Cannot invoke "org.apache.poi.xssf.usermodel.XSSFWorkbook.getSheetIndex(String)" because "this.workbook" is null
21:27:33.869 [main] INFO  pageObjects.BasePage - *** Finishing TC_003_LoanCalculatorDDT :LoanCalculatorTest ***
21:29:24.419 [main] INFO  pageObjects.BasePage - *** Starting TC_001_CarLoanTest :carLoanTest ***
21:29:24.675 [main] INFO  pageObjects.LandingPage - car loan tab clicked
21:29:25.321 [main] INFO  pageObjects.LandingPage - Loan Ammount setting done
21:29:25.725 [main] INFO  pageObjects.LandingPage - Loan Interest setting done
21:29:26.131 [main] INFO  pageObjects.LandingPage - Loan Tenure setting done
21:29:29.260 [main] INFO  pageObjects.LandingPage - Emi Ammount got successfully 
21:29:29.310 [main] INFO  pageObjects.LandingPage - Total Interest Value got successfully
21:29:29.356 [main] INFO  pageObjects.LandingPage - Total Payment Value got successfully
21:29:29.356 [main] INFO  pageObjects.BasePage - validation Checked Successfully
21:29:29.366 [main] INFO  pageObjects.LandingPage - Yearly Data extraction From Table failed
21:29:31.742 [main] INFO  pageObjects.LandingPage - Year Table Expanded
21:29:31.762 [main] INFO  pageObjects.LandingPage - Monthly Data extraction From Table failed
21:29:34.772 [main] INFO  pageObjects.BasePage - *** Finishing TC_001_CarLoanTest :carLoanTest ***
21:29:36.448 [main] INFO  pageObjects.BasePage - *** Starting TC_002_HomeLoanDDT :homeLoanTest ***
21:29:36.702 [main] INFO  pageObjects.LandingPage - home loan tab clicked
21:29:37.573 [main] INFO  pageObjects.LandingPage - Loan Ammount setting done
21:29:38.005 [main] INFO  pageObjects.LandingPage - Loan Interest setting done
21:29:38.481 [main] INFO  pageObjects.LandingPage - Loan Tenure setting done
21:29:41.571 [main] INFO  pageObjects.LandingPage - Emi Ammount got successfully 
21:29:41.610 [main] INFO  pageObjects.LandingPage - Total Interest Value got successfully
21:29:41.651 [main] INFO  pageObjects.LandingPage - Total Payment Value got successfully
21:29:41.651 [main] INFO  pageObjects.BasePage - validation Checked Successfully
21:29:41.658 [main] INFO  pageObjects.LandingPage - Yearly Data extraction From Table failed
21:29:43.998 [main] INFO  pageObjects.LandingPage - Year Table Expanded
21:29:44.005 [main] INFO  pageObjects.LandingPage - Monthly Data extraction From Table failed
21:29:47.014 [main] INFO  pageObjects.BasePage - *** Finishing TC_002_HomeLoanDDT :homeLoanTest ***
21:29:47.294 [main] INFO  pageObjects.BasePage - *** Starting TC_002_HomeLoanDDT :homeLoanTest ***
21:29:47.393 [main] INFO  pageObjects.LandingPage - home loan tab clicked
21:29:47.763 [main] INFO  pageObjects.LandingPage - Loan Ammount setting done
21:29:47.972 [main] INFO  pageObjects.LandingPage - Loan Interest setting done
21:29:48.448 [main] INFO  pageObjects.LandingPage - Loan Tenure setting done
21:29:51.551 [main] INFO  pageObjects.LandingPage - Emi Ammount got successfully 
21:29:51.551 [main] INFO  pageObjects.BasePage - validation Checking Failed
21:29:51.807 [main] INFO  pageObjects.BasePage - *** Starting TC_002_HomeLoanDDT :homeLoanTest ***
21:29:51.937 [main] INFO  pageObjects.LandingPage - home loan tab clicked
21:29:52.312 [main] INFO  pageObjects.LandingPage - Loan Ammount setting done
21:29:52.607 [main] INFO  pageObjects.LandingPage - Loan Interest setting done
21:29:53.004 [main] INFO  pageObjects.LandingPage - Loan Tenure setting done
21:29:56.098 [main] INFO  pageObjects.LandingPage - Emi Ammount got successfully 
21:29:56.098 [main] INFO  pageObjects.BasePage - validation Checking Failed
21:29:56.811 [main] INFO  pageObjects.BasePage - *** Starting TC_003_LoanCalculatorDDT :LoanCalculatorTest ***
21:29:56.973 [main] INFO  pageObjects.LandingPage - MenuItem Calculator clicked
21:29:59.100 [main] INFO  pageObjects.LandingPage - Loan Calculator clicked
21:30:04.529 [main] INFO  pageObjects.LoanCalculatorPage - Loan Ammount Input setted successfully
21:30:06.206 [main] INFO  pageObjects.LoanCalculatorPage - Loan Interest Input setted successfully
21:30:07.701 [main] INFO  pageObjects.LoanCalculatorPage - Loan Tenure Input setted successfully
21:30:09.206 [main] INFO  pageObjects.LoanCalculatorPage - Fees Input setted successfully
21:30:14.715 [main] INFO  pageObjects.BasePage - validation Checked Successfully
21:30:19.237 [main] INFO  pageObjects.LoanCalculatorPage - Year table expand
21:30:19.243 [main] INFO  pageObjects.LoanCalculatorPage - Monthly Data extraction From Table failed due to java.lang.NullPointerException: Cannot invoke "org.apache.poi.xssf.usermodel.XSSFWorkbook.getSheetIndex(String)" because "this.workbook" is null
