09:47:00.186 [main] INFO  pageObjects.LandingPage - Emi Ammount got successfully 
09:47:00.452 [main] INFO  pageObjects.LandingPage - Total Interest Value got successfully
09:47:00.547 [main] INFO  pageObjects.LandingPage - Total Payment Value got successfully
09:47:00.548 [main] INFO  pageObjects.BasePage - validation Checked Successfully
09:47:08.194 [main] INFO  pageObjects.LandingPage -  Yearly Data From Table extracted successfully
09:47:10.675 [main] INFO  pageObjects.LandingPage - Year Table Expanded
09:47:19.887 [main] INFO  pageObjects.LandingPage - Monthly Data From Table extracted successfully
09:47:22.910 [main] INFO  pageObjects.BasePage - *** Finishing TC_001_CarLoanTest :carLoanTest ***
09:47:24.346 [main] INFO  pageObjects.BasePage - *** Starting TC_002_HomeLoanDDT :homeLoanTest ***
09:47:24.613 [main] INFO  pageObjects.LandingPage - home loan tab clicked
09:47:25.796 [main] INFO  pageObjects.LandingPage - Loan Ammount setting done
09:47:26.505 [main] INFO  pageObjects.LandingPage - Loan Interest setting done
09:47:27.202 [main] INFO  pageObjects.LandingPage - Loan Tenure setting done
09:47:30.335 [main] INFO  pageObjects.LandingPage - Emi Ammount got successfully 
09:47:30.398 [main] INFO  pageObjects.LandingPage - Total Interest Value got successfully
09:47:30.458 [main] INFO  pageObjects.LandingPage - Total Payment Value got successfully
09:47:30.458 [main] INFO  pageObjects.BasePage - validation Checked Successfully
09:47:34.516 [main] INFO  pageObjects.LandingPage -  Yearly Data From Table extracted successfully
09:47:36.996 [main] INFO  pageObjects.LandingPage - Year Table Expanded
09:47:45.822 [main] INFO  pageObjects.LandingPage - Monthly Data From Table extracted successfully
09:47:48.832 [main] INFO  pageObjects.BasePage - *** Finishing TC_002_HomeLoanDDT :homeLoanTest ***
09:47:49.095 [main] INFO  pageObjects.BasePage - *** Starting TC_002_HomeLoanDDT :homeLoanTest ***
09:47:49.247 [main] INFO  pageObjects.LandingPage - home loan tab clicked
09:47:49.732 [main] INFO  pageObjects.LandingPage - Loan Ammount setting done
09:47:50.174 [main] INFO  pageObjects.LandingPage - Loan Interest setting done
09:47:50.719 [main] INFO  pageObjects.LandingPage - Loan Tenure setting done
09:47:53.826 [main] INFO  pageObjects.LandingPage - Emi Ammount got successfully 
09:47:53.826 [main] INFO  pageObjects.BasePage - validation Checking Failed
09:47:54.099 [main] INFO  pageObjects.BasePage - *** Starting TC_002_HomeLoanDDT :homeLoanTest ***
09:47:54.259 [main] INFO  pageObjects.LandingPage - home loan tab clicked
09:47:54.965 [main] INFO  pageObjects.LandingPage - Loan Ammount setting done
09:47:55.543 [main] INFO  pageObjects.LandingPage - Loan Interest setting done
09:47:56.447 [main] INFO  pageObjects.LandingPage - Loan Tenure setting done
09:47:59.575 [main] INFO  pageObjects.LandingPage - Emi Ammount got successfully 
09:47:59.576 [main] INFO  pageObjects.BasePage - validation Checking Failed
09:48:00.173 [main] INFO  pageObjects.BasePage - *** Starting TC_003_LoanCalculatorDDT :LoanCalculatorTest ***
09:48:00.343 [main] INFO  pageObjects.LandingPage - MenuItem Calculator clicked
09:48:03.090 [main] INFO  pageObjects.LandingPage - Loan Calculator clicked
09:48:08.565 [main] INFO  pageObjects.LoanCalculatorPage - Loan Ammount Input setted successfully
09:48:10.209 [main] INFO  pageObjects.LoanCalculatorPage - Loan Interest Input setted successfully
09:48:11.978 [main] INFO  pageObjects.LoanCalculatorPage - Loan Tenure Input setted successfully
09:48:13.696 [main] INFO  pageObjects.LoanCalculatorPage - Fees Input setted successfully
09:48:19.591 [main] INFO  pageObjects.BasePage - validation Checked Successfully
09:48:24.387 [main] INFO  pageObjects.LoanCalculatorPage - Year table expand
09:48:49.778 [main] INFO  pageObjects.BasePage - *** Finishing TC_003_LoanCalculatorDDT :LoanCalculatorTest ***
