09:47:36.682 [main] INFO  pageObjects.BasePage - validation Checked Successfully
09:47:41.083 [main] INFO  pageObjects.LoanCalculatorPage - Year table expand
09:47:56.087 [main] INFO  pageObjects.BasePage - *** Finishing TC_003_LoanCalculatorDDT :LoanCalculatorTest ***
09:38:13.531 [main] INFO  pageObjects.BasePage - *** Starting TC_001_CarLoanTest :carLoanTest ***
09:38:13.927 [main] INFO  pageObjects.LandingPage - car loan tab clicked
09:38:14.898 [main] INFO  pageObjects.LandingPage - Loan Ammount setting done
09:38:15.464 [main] INFO  pageObjects.LandingPage - Loan Interest setting done
09:38:16.316 [main] INFO  pageObjects.LandingPage - Loan Tenure setting done
09:38:19.495 [main] INFO  pageObjects.LandingPage - Emi Ammount got successfully 
09:38:19.560 [main] INFO  pageObjects.LandingPage - Total Interest Value got successfully
09:38:19.622 [main] INFO  pageObjects.LandingPage - Total Payment Value got successfully
09:38:19.623 [main] INFO  pageObjects.BasePage - validation Checked Successfully
09:38:28.436 [main] INFO  pageObjects.LandingPage -  Yearly Data From Table extracted successfully
09:38:31.158 [main] INFO  pageObjects.LandingPage - Year Table Expanded
09:38:42.819 [main] INFO  pageObjects.LandingPage - Monthly Data From Table extracted successfully
09:38:45.856 [main] INFO  pageObjects.BasePage - *** Finishing TC_001_CarLoanTest :carLoanTest ***
09:38:47.082 [main] INFO  pageObjects.BasePage - *** Starting TC_002_HomeLoanDDT :homeLoanTest ***
09:38:47.371 [main] INFO  pageObjects.LandingPage - home loan tab clicked
09:38:48.229 [main] INFO  pageObjects.LandingPage - Loan Ammount setting done
09:38:48.772 [main] INFO  pageObjects.LandingPage - Loan Interest setting done
09:38:49.508 [main] INFO  pageObjects.LandingPage - Loan Tenure setting done
09:38:52.650 [main] INFO  pageObjects.LandingPage - Emi Ammount got successfully 
09:38:52.709 [main] INFO  pageObjects.LandingPage - Total Interest Value got successfully
09:38:52.767 [main] INFO  pageObjects.LandingPage - Total Payment Value got successfully
09:38:52.768 [main] INFO  pageObjects.BasePage - validation Checked Successfully
09:38:56.222 [main] INFO  pageObjects.LandingPage -  Yearly Data From Table extracted successfully
09:38:58.707 [main] INFO  pageObjects.LandingPage - Year Table Expanded
09:39:09.107 [main] INFO  pageObjects.LandingPage - Monthly Data From Table extracted successfully
09:39:12.122 [main] INFO  pageObjects.BasePage - *** Finishing TC_002_HomeLoanDDT :homeLoanTest ***
09:39:12.407 [main] INFO  pageObjects.BasePage - *** Starting TC_002_HomeLoanDDT :homeLoanTest ***
09:39:12.581 [main] INFO  pageObjects.LandingPage - home loan tab clicked
09:39:13.317 [main] INFO  pageObjects.LandingPage - Loan Ammount setting done
09:39:13.954 [main] INFO  pageObjects.LandingPage - Loan Interest setting done
09:39:14.687 [main] INFO  pageObjects.LandingPage - Loan Tenure setting done
09:39:17.819 [main] INFO  pageObjects.LandingPage - Emi Ammount got successfully 
09:39:17.819 [main] INFO  pageObjects.BasePage - validation Checking Failed
09:39:18.083 [main] INFO  pageObjects.BasePage - *** Starting TC_002_HomeLoanDDT :homeLoanTest ***
09:39:18.239 [main] INFO  pageObjects.LandingPage - home loan tab clicked
09:39:18.715 [main] INFO  pageObjects.LandingPage - Loan Ammount setting done
09:39:19.080 [main] INFO  pageObjects.LandingPage - Loan Interest setting done
09:39:19.620 [main] INFO  pageObjects.LandingPage - Loan Tenure setting done
09:39:22.753 [main] INFO  pageObjects.LandingPage - Emi Ammount got successfully 
09:39:22.754 [main] INFO  pageObjects.BasePage - validation Checking Failed
09:39:23.320 [main] INFO  pageObjects.BasePage - *** Starting TC_003_LoanCalculatorDDT :LoanCalculatorTest ***
09:39:23.496 [main] INFO  pageObjects.LandingPage - MenuItem Calculator clicked
09:39:28.951 [main] INFO  pageObjects.LandingPage - Loan Calculator clicked
09:39:34.656 [main] INFO  pageObjects.LoanCalculatorPage - Loan Ammount Input setted successfully
09:39:36.519 [main] INFO  pageObjects.LoanCalculatorPage - Loan Interest Input setted successfully
09:39:38.317 [main] INFO  pageObjects.LoanCalculatorPage - Loan Tenure Input setted successfully
09:39:39.974 [main] INFO  pageObjects.LoanCalculatorPage - Fees Input setted successfully
09:39:45.657 [main] INFO  pageObjects.BasePage - validation Checked Successfully
09:39:50.478 [main] INFO  pageObjects.LoanCalculatorPage - Year table expand
09:40:01.698 [main] INFO  pageObjects.BasePage - *** Finishing TC_003_LoanCalculatorDDT :LoanCalculatorTest ***
09:46:52.899 [main] INFO  pageObjects.BasePage - *** Starting TC_001_CarLoanTest :carLoanTest ***
09:46:53.419 [main] INFO  pageObjects.LandingPage - car loan tab clicked
09:46:54.346 [main] INFO  pageObjects.LandingPage - Loan Ammount setting done
09:46:55.082 [main] INFO  pageObjects.LandingPage - Loan Interest setting done
09:46:56.810 [main] INFO  pageObjects.LandingPage - Loan Tenure setting done
